Using pre-set license
Built from '2021.3/staging' branch; Version is '2021.3.21f1 (1b156197d683) revision 1774945'; Using compiler version '192829333'; Build Type 'Release'
OS: 'Windows 10  (10.0.19044) 64bit Professional' Language: 'de' Physical Memory: 15789 MB
BatchMode: 1, IsHumanControllingUs: 0, StartBugReporterOnCrash: 0, Is64bit: 1, IsPro: 1

COMMAND LINE ARGUMENTS:
C:\Program Files\Unity\Hub\Editor\2021.3.21f1\Editor\Unity.exe
-adb2
-batchMode
-noUpm
-name
AssetImportWorker2
-projectPath
C:/Users/Johannes/Documents/GitHub/SuperStruct
-logFile
Logs/AssetImportWorker2.log
-srvPort
61553
Successfully changed project path to: C:/Users/Johannes/Documents/GitHub/SuperStruct
C:/Users/Johannes/Documents/GitHub/SuperStruct
[UnityMemory] Configuration Parameters - Can be set up in boot.config
    "memorysetup-bucket-allocator-granularity=16"
    "memorysetup-bucket-allocator-bucket-count=8"
    "memorysetup-bucket-allocator-block-size=33554432"
    "memorysetup-bucket-allocator-block-count=8"
    "memorysetup-main-allocator-block-size=16777216"
    "memorysetup-thread-allocator-block-size=16777216"
    "memorysetup-gfx-main-allocator-block-size=16777216"
    "memorysetup-gfx-thread-allocator-block-size=16777216"
    "memorysetup-cache-allocator-block-size=4194304"
    "memorysetup-typetree-allocator-block-size=2097152"
    "memorysetup-profiler-bucket-allocator-granularity=16"
    "memorysetup-profiler-bucket-allocator-bucket-count=8"
    "memorysetup-profiler-bucket-allocator-block-size=33554432"
    "memorysetup-profiler-bucket-allocator-block-count=8"
    "memorysetup-profiler-allocator-block-size=16777216"
    "memorysetup-profiler-editor-allocator-block-size=1048576"
    "memorysetup-temp-allocator-size-main=16777216"
    "memorysetup-job-temp-allocator-block-size=2097152"
    "memorysetup-job-temp-allocator-block-size-background=1048576"
    "memorysetup-job-temp-allocator-reduction-small-platforms=262144"
    "memorysetup-temp-allocator-size-background-worker=32768"
    "memorysetup-temp-allocator-size-job-worker=262144"
    "memorysetup-temp-allocator-size-preload-manager=33554432"
    "memorysetup-temp-allocator-size-nav-mesh-worker=65536"
    "memorysetup-temp-allocator-size-audio-worker=65536"
    "memorysetup-temp-allocator-size-cloud-worker=32768"
    "memorysetup-temp-allocator-size-gi-baking-worker=262144"
    "memorysetup-temp-allocator-size-gfx=262144"
Player connection [7180] Host "[IP] 10.0.0.25 [Port] 0 [Flags] 2 [Guid] 621920722 [EditorId] 621920722 [Version] 1048832 [Id] WindowsEditor(7,DESKTOP-3ELO38M) [Debug] 1 [PackageName] WindowsEditor [ProjectName] Editor" joined multi-casting on [225.0.0.222:54997]...

Player connection [7180] Host "[IP] 10.0.0.25 [Port] 0 [Flags] 2 [Guid] 621920722 [EditorId] 621920722 [Version] 1048832 [Id] WindowsEditor(7,DESKTOP-3ELO38M) [Debug] 1 [PackageName] WindowsEditor [ProjectName] Editor" joined alternative multi-casting on [225.0.0.222:34997]...

Refreshing native plugins compatible for Editor in 77.95 ms, found 3 plugins.
Preloading 0 native plugins for Editor in 0.00 ms.
Initialize engine version: 2021.3.21f1 (1b156197d683)
[Subsystems] Discovering subsystems at path C:/Program Files/Unity/Hub/Editor/2021.3.21f1/Editor/Data/Resources/UnitySubsystems
[Subsystems] Discovering subsystems at path C:/Users/Johannes/Documents/GitHub/SuperStruct/Assets
GfxDevice: creating device client; threaded=0; jobified=0
Direct3D:
    Version:  Direct3D 11.0 [level 11.1]
    Renderer: NVIDIA GeForce RTX 2060 (ID=0x1f15)
    Vendor:   NVIDIA
    VRAM:     5968 MB
    Driver:   31.0.15.3168
Initialize mono
Mono path[0] = 'C:/Program Files/Unity/Hub/Editor/2021.3.21f1/Editor/Data/Managed'
Mono path[1] = 'C:/Program Files/Unity/Hub/Editor/2021.3.21f1/Editor/Data/MonoBleedingEdge/lib/mono/unityjit-win32'
Mono config path = 'C:/Program Files/Unity/Hub/Editor/2021.3.21f1/Editor/Data/MonoBleedingEdge/etc'
Using monoOptions --debugger-agent=transport=dt_socket,embedding=1,server=y,suspend=n,address=127.0.0.1:56712
Begin MonoManager ReloadAssembly
Registering precompiled unity dll's ...
Register platform support module: C:/Program Files/Unity/Hub/Editor/2021.3.21f1/Editor/Data/PlaybackEngines/WebGLSupport/UnityEditor.WebGL.Extensions.dll
Register platform support module: C:/Program Files/Unity/Hub/Editor/2021.3.21f1/Editor/Data/PlaybackEngines/WindowsStandaloneSupport/UnityEditor.WindowsStandalone.Extensions.dll
Registered in 0.009436 seconds.
Native extension for WindowsStandalone target not found
Native extension for WebGL target not found
Refreshing native plugins compatible for Editor in 68.34 ms, found 3 plugins.
Preloading 0 native plugins for Editor in 0.00 ms.
Mono: successfully reloaded assembly
- Completed reload, in  0.664 seconds
Domain Reload Profiling:
	ReloadAssembly (664ms)
		BeginReloadAssembly (86ms)
			ExecutionOrderSort (0ms)
			DisableScriptedObjects (0ms)
			BackupInstance (0ms)
			ReleaseScriptingObjects (0ms)
			CreateAndSetChildDomain (1ms)
		EndReloadAssembly (474ms)
			LoadAssemblies (84ms)
			RebuildTransferFunctionScriptingTraits (0ms)
			SetupTypeCache (118ms)
			ReleaseScriptCaches (0ms)
			RebuildScriptCaches (31ms)
			SetupLoadedEditorAssemblies (272ms)
				LogAssemblyErrors (0ms)
				InitializePlatformSupportModulesInManaged (10ms)
				SetLoadedEditorAssemblies (0ms)
				RefreshPlugins (68ms)
				BeforeProcessingInitializeOnLoad (1ms)
				ProcessInitializeOnLoadAttributes (144ms)
				ProcessInitializeOnLoadMethodAttributes (48ms)
				AfterProcessingInitializeOnLoad (0ms)
				EditorAssembliesLoaded (0ms)
			ExecutionOrderSort2 (0ms)
			AwakeInstancesAfterBackupRestoration (0ms)
Platform modules already initialized, skipping
Registering precompiled user dll's ...
Registered in 0.005002 seconds.
Begin MonoManager ReloadAssembly
Symbol file LoadedFromMemory doesn't match image C:\Users\Johannes\Documents\GitHub\SuperStruct\Library\PackageCache\com.unity.visualscripting@1.8.0\Editor\VisualScripting.Core\Dependencies\YamlDotNet\Unity.VisualScripting.YamlDotNet.dll
Symbol file LoadedFromMemory doesn't match image C:\Users\Johannes\Documents\GitHub\SuperStruct\Library\PackageCache\com.unity.visualscripting@1.8.0\Editor\VisualScripting.Core\Dependencies\DotNetZip\Unity.VisualScripting.IonicZip.dll
Native extension for WindowsStandalone target not found
Native extension for WebGL target not found
Refreshing native plugins compatible for Editor in 0.55 ms, found 3 plugins.
Preloading 0 native plugins for Editor in 0.00 ms.
Mono: successfully reloaded assembly
- Completed reload, in  1.041 seconds
Domain Reload Profiling:
	ReloadAssembly (1042ms)
		BeginReloadAssembly (128ms)
			ExecutionOrderSort (0ms)
			DisableScriptedObjects (5ms)
			BackupInstance (0ms)
			ReleaseScriptingObjects (0ms)
			CreateAndSetChildDomain (22ms)
		EndReloadAssembly (800ms)
			LoadAssemblies (99ms)
			RebuildTransferFunctionScriptingTraits (0ms)
			SetupTypeCache (267ms)
			ReleaseScriptCaches (1ms)
			RebuildScriptCaches (51ms)
			SetupLoadedEditorAssemblies (358ms)
				LogAssemblyErrors (0ms)
				InitializePlatformSupportModulesInManaged (7ms)
				SetLoadedEditorAssemblies (0ms)
				RefreshPlugins (1ms)
				BeforeProcessingInitializeOnLoad (95ms)
				ProcessInitializeOnLoadAttributes (228ms)
				ProcessInitializeOnLoadMethodAttributes (19ms)
				AfterProcessingInitializeOnLoad (8ms)
				EditorAssembliesLoaded (0ms)
			ExecutionOrderSort2 (0ms)
			AwakeInstancesAfterBackupRestoration (6ms)
Platform modules already initialized, skipping
========================================================================
Worker process is ready to serve import requests
Launched and connected shader compiler UnityShaderCompiler.exe after 0.05 seconds
Refreshing native plugins compatible for Editor in 0.62 ms, found 3 plugins.
Preloading 0 native plugins for Editor in 0.00 ms.
Unloading 3068 Unused Serialized files (Serialized files now loaded: 0)
Unloading 22 unused Assets / (56.1 KB). Loaded Objects now: 3534.
Memory consumption went from 109.1 MB to 109.0 MB.
Total: 4.201500 ms (FindLiveObjects: 0.271800 ms CreateObjectMapping: 0.092300 ms MarkObjects: 3.747600 ms  DeleteObjects: 0.088200 ms)

AssetImportParameters requested are different than current active one (requested -> active):
  custom:video-decoder-ogg-theora: a1e56fd34408186e4bbccfd4996cb3dc -> 
  custom:container-muxer-webm: aa71ff27fc2769a1b78a27578f13a17b -> 
  custom:container-demuxer-webm: 4f35f7cbe854078d1ac9338744f61a02 -> 
  custom:video-encoder-webm-vp8: eb34c28f22e8b96e1ab97ce403110664 -> 
  custom:audio-encoder-webm-vorbis: bf7c407c2cedff20999df2af8eb42d56 -> 
  custom:framework-win-MediaFoundation: 216162199b28c13a410421893ffa2e32 -> 
  custom:container-demuxer-ogg: 62fdf1f143b41e24485cea50d1cbac27 -> 
  custom:video-decoder-webm-vp8: 9c59270c3fd7afecdb556c50c9e8de78 -> 
  custom:audio-decoder-ogg-vorbis: bf7c407c2cedff20999df2af8eb42d56 -> 
========================================================================
Received Import Request.
  Time since last request: 2630.022185 seconds.
  path: Assets/NikolayFedorov/OldVillage/VilagePropsPack/Prefab
  artifactKey: Guid(61d1a7f226a471548af8272b3e045091) Importer(815301076,1909f56bfc062723c751e8b465ee728b)
Start importing Assets/NikolayFedorov/OldVillage/VilagePropsPack/Prefab using Guid(61d1a7f226a471548af8272b3e045091) Importer(815301076,1909f56bfc062723c751e8b465ee728b)  -> (artifact id: '03c720164a3e2e348888a2650f95ad6f') in 0.014351 seconds 
========================================================================
Received Import Request.
  Time since last request: 0.036348 seconds.
  path: Assets/NikolayFedorov/OldVillage/VilagePropsPack/Prefab/bucket01.prefab
  artifactKey: Guid(fda4c634f8a6e744984ee66d5c763c87) Importer(815301076,1909f56bfc062723c751e8b465ee728b)
Start importing Assets/NikolayFedorov/OldVillage/VilagePropsPack/Prefab/bucket01.prefab using Guid(fda4c634f8a6e744984ee66d5c763c87) Importer(815301076,1909f56bfc062723c751e8b465ee728b)  -> (artifact id: 'af394e8a5e5f8c2a4f5a310624950af8') in 0.199414 seconds 
========================================================================
Received Import Request.
  Time since last request: 2.796988 seconds.
  path: Assets/NikolayFedorov/OldVillage/VilagePropsPack/Prefab/Trunks
  artifactKey: Guid(09b648081f35ba444877800ab948a566) Importer(815301076,1909f56bfc062723c751e8b465ee728b)
Start importing Assets/NikolayFedorov/OldVillage/VilagePropsPack/Prefab/Trunks using Guid(09b648081f35ba444877800ab948a566) Importer(815301076,1909f56bfc062723c751e8b465ee728b)  -> (artifact id: 'c57e3117b90b64b5714ec721402f892f') in 0.024074 seconds 
========================================================================
Received Import Request.
  Time since last request: 0.050007 seconds.
  path: Assets/NikolayFedorov/OldVillage/VilagePropsPack/Prefab/Trunks/Trunk01.prefab
  artifactKey: Guid(f232b9f36d6f11d4b965d8b39a5776bb) Importer(815301076,1909f56bfc062723c751e8b465ee728b)
Start importing Assets/NikolayFedorov/OldVillage/VilagePropsPack/Prefab/Trunks/Trunk01.prefab using Guid(f232b9f36d6f11d4b965d8b39a5776bb) Importer(815301076,1909f56bfc062723c751e8b465ee728b)  -> (artifact id: '22a48ce2709b7fed7fed02423a5dada2') in 0.077397 seconds 
========================================================================
Received Import Request.
  Time since last request: 7.144031 seconds.
  path: Assets/NikolayFedorov/OldVillage/VilagePropsPack/Prefab/Pallets
  artifactKey: Guid(188e2ae80e67f4e43a19cb1c7acd090c) Importer(815301076,1909f56bfc062723c751e8b465ee728b)
Start importing Assets/NikolayFedorov/OldVillage/VilagePropsPack/Prefab/Pallets using Guid(188e2ae80e67f4e43a19cb1c7acd090c) Importer(815301076,1909f56bfc062723c751e8b465ee728b)  -> (artifact id: 'e060d0f7400f80aa2f9059085313a6e6') in 0.009298 seconds 
========================================================================
Received Import Request.
  Time since last request: 0.037665 seconds.
  path: Assets/NikolayFedorov/OldVillage/VilagePropsPack/Prefab/Pallets/Pallet_01.prefab
  artifactKey: Guid(5c6a8e5e71104fb48a940b834b29dfb6) Importer(815301076,1909f56bfc062723c751e8b465ee728b)
Start importing Assets/NikolayFedorov/OldVillage/VilagePropsPack/Prefab/Pallets/Pallet_01.prefab using Guid(5c6a8e5e71104fb48a940b834b29dfb6) Importer(815301076,1909f56bfc062723c751e8b465ee728b)  -> (artifact id: 'aced7e1755d11be523fa6c34efbde1c3') in 0.021538 seconds 
========================================================================
Received Import Request.
  Time since last request: 1.801399 seconds.
  path: Assets/NikolayFedorov/OldVillage/VilagePropsPack/Prefab/Logs
  artifactKey: Guid(204ccabaf1f5b1649a2ea3d4f7055699) Importer(815301076,1909f56bfc062723c751e8b465ee728b)
Start importing Assets/NikolayFedorov/OldVillage/VilagePropsPack/Prefab/Logs using Guid(204ccabaf1f5b1649a2ea3d4f7055699) Importer(815301076,1909f56bfc062723c751e8b465ee728b)  -> (artifact id: 'c1fa6447273d75d605e71d0261632e62') in 0.008699 seconds 
========================================================================
Received Import Request.
  Time since last request: 0.053829 seconds.
  path: Assets/NikolayFedorov/OldVillage/VilagePropsPack/Prefab/Logs/log01.prefab
  artifactKey: Guid(97ad11e47dbea4c4baa376e584519266) Importer(815301076,1909f56bfc062723c751e8b465ee728b)
Start importing Assets/NikolayFedorov/OldVillage/VilagePropsPack/Prefab/Logs/log01.prefab using Guid(97ad11e47dbea4c4baa376e584519266) Importer(815301076,1909f56bfc062723c751e8b465ee728b)  -> (artifact id: 'db4713ede0e91e64bf83c5d001891beb') in 0.021232 seconds 
========================================================================
Received Import Request.
  Time since last request: 6.314921 seconds.
  path: Assets/NikolayFedorov/OldVillage/VilagePropsPack/Prefab/Ladder
  artifactKey: Guid(27d156e2fa2e315429a0a2f6878f6868) Importer(815301076,1909f56bfc062723c751e8b465ee728b)
Start importing Assets/NikolayFedorov/OldVillage/VilagePropsPack/Prefab/Ladder using Guid(27d156e2fa2e315429a0a2f6878f6868) Importer(815301076,1909f56bfc062723c751e8b465ee728b)  -> (artifact id: '5b80de7d62dcf3ff5a16287229786e49') in 0.008641 seconds 
========================================================================
Received Import Request.
  Time since last request: 0.056710 seconds.
  path: Assets/NikolayFedorov/OldVillage/VilagePropsPack/Prefab/Ladder/ladder_01.prefab
  artifactKey: Guid(b9a5bea6396bc974093a86261cb5a833) Importer(815301076,1909f56bfc062723c751e8b465ee728b)
Start importing Assets/NikolayFedorov/OldVillage/VilagePropsPack/Prefab/Ladder/ladder_01.prefab using Guid(b9a5bea6396bc974093a86261cb5a833) Importer(815301076,1909f56bfc062723c751e8b465ee728b)  -> (artifact id: '2be83e985cdc05b115d14c8bf76c97af') in 0.033780 seconds 
========================================================================
Received Import Request.
  Time since last request: 3.040733 seconds.
  path: Assets/NikolayFedorov/OldVillage/VilagePropsPack/Prefab/Fense
  artifactKey: Guid(dd1ddd58125d9e942a0415d31e27b071) Importer(815301076,1909f56bfc062723c751e8b465ee728b)
Start importing Assets/NikolayFedorov/OldVillage/VilagePropsPack/Prefab/Fense using Guid(dd1ddd58125d9e942a0415d31e27b071) Importer(815301076,1909f56bfc062723c751e8b465ee728b)  -> (artifact id: '7775665a73f57fd9f98a1cadd421bfa5') in 0.023412 seconds 
========================================================================
Received Import Request.
  Time since last request: 0.016561 seconds.
  path: Assets/NikolayFedorov/OldVillage/VilagePropsPack/Prefab/Fense/Fense01.prefab
  artifactKey: Guid(936422eab196d54458fcc769c0529a9b) Importer(815301076,1909f56bfc062723c751e8b465ee728b)
Start importing Assets/NikolayFedorov/OldVillage/VilagePropsPack/Prefab/Fense/Fense01.prefab using Guid(936422eab196d54458fcc769c0529a9b) Importer(815301076,1909f56bfc062723c751e8b465ee728b)  -> (artifact id: 'cd2de2a90ff78313023dbeb10e9bcd66') in 0.027760 seconds 
========================================================================
Received Import Request.
  Time since last request: 3.950215 seconds.
  path: Assets/NikolayFedorov/OldVillage/VilagePropsPack/Prefab/Drova
  artifactKey: Guid(3d6085fb98a6b5949a6bca276eaeb3be) Importer(815301076,1909f56bfc062723c751e8b465ee728b)
Start importing Assets/NikolayFedorov/OldVillage/VilagePropsPack/Prefab/Drova using Guid(3d6085fb98a6b5949a6bca276eaeb3be) Importer(815301076,1909f56bfc062723c751e8b465ee728b)  -> (artifact id: '7830ca0e1b442e3898ece82636aef8f1') in 0.007789 seconds 
========================================================================
Received Import Request.
  Time since last request: 0.052960 seconds.
  path: Assets/NikolayFedorov/OldVillage/VilagePropsPack/Prefab/Drova/Drova01.prefab
  artifactKey: Guid(4013bf42a9ebcbe448e482634fe9b60b) Importer(815301076,1909f56bfc062723c751e8b465ee728b)
Start importing Assets/NikolayFedorov/OldVillage/VilagePropsPack/Prefab/Drova/Drova01.prefab using Guid(4013bf42a9ebcbe448e482634fe9b60b) Importer(815301076,1909f56bfc062723c751e8b465ee728b)  -> (artifact id: '58faaf1af8fffdd7f613d408fa6ba7ee') in 0.090316 seconds 
========================================================================
Received Import Request.
  Time since last request: 24.924537 seconds.
  path: Assets/NikolayFedorov/OldVillage/VilagePropsPack/Prefab/Boards
  artifactKey: Guid(403d77f407cec0e49b249af17cdbfccd) Importer(815301076,1909f56bfc062723c751e8b465ee728b)
Start importing Assets/NikolayFedorov/OldVillage/VilagePropsPack/Prefab/Boards using Guid(403d77f407cec0e49b249af17cdbfccd) Importer(815301076,1909f56bfc062723c751e8b465ee728b)  -> (artifact id: '2afd4b9b416d5921a40c6a676f7d18b7') in 0.008147 seconds 
========================================================================
Received Import Request.
  Time since last request: 0.053754 seconds.
  path: Assets/NikolayFedorov/OldVillage/VilagePropsPack/Prefab/Boards/board01.prefab
  artifactKey: Guid(a3435c28112218047bd819e0f2060a9d) Importer(815301076,1909f56bfc062723c751e8b465ee728b)
Start importing Assets/NikolayFedorov/OldVillage/VilagePropsPack/Prefab/Boards/board01.prefab using Guid(a3435c28112218047bd819e0f2060a9d) Importer(815301076,1909f56bfc062723c751e8b465ee728b)  -> (artifact id: 'c8331e80fddca17c06fd15c437dd4a11') in 0.032665 seconds 
========================================================================
Received Import Request.
  Time since last request: 40.025129 seconds.
  path: Assets/Invector-3rdPersonController_LITE/3D Models/Others/IcePhysics.physicMaterial
  artifactKey: Guid(b13e3a928ea3ce147ab377c119d0b9e7) Importer(815301076,1909f56bfc062723c751e8b465ee728b)
Start importing Assets/Invector-3rdPersonController_LITE/3D Models/Others/IcePhysics.physicMaterial using Guid(b13e3a928ea3ce147ab377c119d0b9e7) Importer(815301076,1909f56bfc062723c751e8b465ee728b)  -> (artifact id: '615e80cf9feed79b050a6acbd3e5b551') in 0.009668 seconds 
========================================================================
Received Import Request.
  Time since last request: 0.000026 seconds.
  path: Assets/Invector-3rdPersonController_LITE/3D Models/Others/ObjectPhysics 1.physicMaterial
  artifactKey: Guid(c03201ee5b6dae443bc19c65f2ed8d89) Importer(815301076,1909f56bfc062723c751e8b465ee728b)
Start importing Assets/Invector-3rdPersonController_LITE/3D Models/Others/ObjectPhysics 1.physicMaterial using Guid(c03201ee5b6dae443bc19c65f2ed8d89) Importer(815301076,1909f56bfc062723c751e8b465ee728b)  -> (artifact id: '3fc8bb20e0fac3da6583a0f7aa3f9e7f') in 0.007576 seconds 
========================================================================
Received Import Request.
  Time since last request: 14.041908 seconds.
  path: Assets/Colors/AxeHead.mat
  artifactKey: Guid(e64d9159319e2c3418721e61502dc3b1) Importer(815301076,1909f56bfc062723c751e8b465ee728b)
Start importing Assets/Colors/AxeHead.mat using Guid(e64d9159319e2c3418721e61502dc3b1) Importer(815301076,1909f56bfc062723c751e8b465ee728b)  -> (artifact id: '2ffa357455ec249055f42616c3bb18e6') in 0.039688 seconds 
========================================================================
Received Import Request.
  Time since last request: 6.797782 seconds.
  path: Assets/Colors/wood.mat
  artifactKey: Guid(8a45b72ac27077d43a41448c216f718d) Importer(815301076,1909f56bfc062723c751e8b465ee728b)
Start importing Assets/Colors/wood.mat using Guid(8a45b72ac27077d43a41448c216f718d) Importer(815301076,1909f56bfc062723c751e8b465ee728b)  -> (artifact id: '9cb0f90c94cc0b58f365e865a6a4a09d') in 0.014040 seconds 
========================================================================
Received Import Request.
  Time since last request: 10.981502 seconds.
  path: Assets/Items/axe.fbx
  artifactKey: Guid(685d10ae22d39cd4c869cc9f48ff14da) Importer(815301076,1909f56bfc062723c751e8b465ee728b)
Start importing Assets/Items/axe.fbx using Guid(685d10ae22d39cd4c869cc9f48ff14da) Importer(815301076,1909f56bfc062723c751e8b465ee728b)  -> (artifact id: '825b092a8c495fa0160d18dc76adb626') in 0.091709 seconds 
========================================================================
Received Import Request.
  Time since last request: 66.138584 seconds.
  path: Assets/NikolayFedorov/PBR_Tiled/Textures/Wood/Wood_Bark01/plane_3_3_DefaultMaterial_AlbedoTransparency.tga
  artifactKey: Guid(d67aca53103dc5146bd6acd077ba3b3d) Importer(815301076,1909f56bfc062723c751e8b465ee728b)
Start importing Assets/NikolayFedorov/PBR_Tiled/Textures/Wood/Wood_Bark01/plane_3_3_DefaultMaterial_AlbedoTransparency.tga using Guid(d67aca53103dc5146bd6acd077ba3b3d) Importer(815301076,1909f56bfc062723c751e8b465ee728b)  -> (artifact id: '35d5b64fd45aa65a6b1017fc3db5671d') in 0.056206 seconds 
========================================================================
Received Import Request.
  Time since last request: 12.143312 seconds.
  path: Assets/NikolayFedorov/PBR_Tiled/Textures/Wood/WoodBark02
  artifactKey: Guid(6137a4d77fa3e984fbadb5277fc0dff7) Importer(815301076,1909f56bfc062723c751e8b465ee728b)
Start importing Assets/NikolayFedorov/PBR_Tiled/Textures/Wood/WoodBark02 using Guid(6137a4d77fa3e984fbadb5277fc0dff7) Importer(815301076,1909f56bfc062723c751e8b465ee728b)  -> (artifact id: 'cc3e7a74247553b06355ffb1af1c4cef') in 0.002606 seconds 
========================================================================
Received Import Request.
  Time since last request: 0.049011 seconds.
  path: Assets/NikolayFedorov/PBR_Tiled/Textures/Wood/WoodBark02/plane_3_3_DefaultMaterial_AlbedoTransparency.tga
  artifactKey: Guid(571613ee8f19ace42ba267da2c614b35) Importer(815301076,1909f56bfc062723c751e8b465ee728b)
Start importing Assets/NikolayFedorov/PBR_Tiled/Textures/Wood/WoodBark02/plane_3_3_DefaultMaterial_AlbedoTransparency.tga using Guid(571613ee8f19ace42ba267da2c614b35) Importer(815301076,1909f56bfc062723c751e8b465ee728b)  -> (artifact id: 'e3429a0e52fd8ae4cc09785398c98dd2') in 0.024237 seconds 
========================================================================
Received Import Request.
  Time since last request: 115.434550 seconds.
  path: Assets/NikolayFedorov/PBR_Tiled/Textures/Metall/Rust/plane_3_3_DefaultMaterial_AlbedoTransparency.tga
  artifactKey: Guid(8ac75a2f6a4a1754db5b01cb9196df5e) Importer(815301076,1909f56bfc062723c751e8b465ee728b)
Start importing Assets/NikolayFedorov/PBR_Tiled/Textures/Metall/Rust/plane_3_3_DefaultMaterial_AlbedoTransparency.tga using Guid(8ac75a2f6a4a1754db5b01cb9196df5e) Importer(815301076,1909f56bfc062723c751e8b465ee728b)  -> (artifact id: '8fab94aa885a5d6062b414d8057c20d7') in 0.018609 seconds 
========================================================================
Received Import Request.
  Time since last request: 0.013511 seconds.
  path: Assets/NikolayFedorov/PBR_Tiled/Textures/Metall/Rust/plane_3_3_DefaultMaterial_MetallicSmoothness.tga
  artifactKey: Guid(25820a9a9a61cec4aa6d0380c8512664) Importer(815301076,1909f56bfc062723c751e8b465ee728b)
Start importing Assets/NikolayFedorov/PBR_Tiled/Textures/Metall/Rust/plane_3_3_DefaultMaterial_MetallicSmoothness.tga using Guid(25820a9a9a61cec4aa6d0380c8512664) Importer(815301076,1909f56bfc062723c751e8b465ee728b)  -> (artifact id: '736c5969076447912a7df5f2c47ab1a1') in 0.018724 seconds 
========================================================================
Received Import Request.
  Time since last request: 0.000031 seconds.
  path: Assets/NikolayFedorov/PBR_Tiled/Textures/Roof/Roof_metall01/plane_3_3_DefaultMaterial_MetallicSmoothness.tga
  artifactKey: Guid(377de81c7d34eaa49875b28dde915719) Importer(815301076,1909f56bfc062723c751e8b465ee728b)
Start importing Assets/NikolayFedorov/PBR_Tiled/Textures/Roof/Roof_metall01/plane_3_3_DefaultMaterial_MetallicSmoothness.tga using Guid(377de81c7d34eaa49875b28dde915719) Importer(815301076,1909f56bfc062723c751e8b465ee728b)  -> (artifact id: 'a787459978e9daab1a40ee2f31c459cf') in 0.021228 seconds 
========================================================================
Received Import Request.
  Time since last request: 0.000026 seconds.
  path: Assets/NikolayFedorov/PBR_Tiled/Textures/Wood/WoodBark03/plane_3_3_DefaultMaterial_MetallicSmoothness.tga
  artifactKey: Guid(bd45d195a2be5014f95c48e01e0fe8b5) Importer(815301076,1909f56bfc062723c751e8b465ee728b)
Start importing Assets/NikolayFedorov/PBR_Tiled/Textures/Wood/WoodBark03/plane_3_3_DefaultMaterial_MetallicSmoothness.tga using Guid(bd45d195a2be5014f95c48e01e0fe8b5) Importer(815301076,1909f56bfc062723c751e8b465ee728b)  -> (artifact id: '402965411781821458b3cf6df3b42bec') in 0.016377 seconds 
========================================================================
Received Import Request.
  Time since last request: 0.000028 seconds.
  path: Assets/NikolayFedorov/PBR_Tiled/Textures/Roof/Roof_metall01/plane_3_3_DefaultMaterial_Normal.tga
  artifactKey: Guid(557441bc4a1efcc408c07d2cad051cfa) Importer(815301076,1909f56bfc062723c751e8b465ee728b)
Start importing Assets/NikolayFedorov/PBR_Tiled/Textures/Roof/Roof_metall01/plane_3_3_DefaultMaterial_Normal.tga using Guid(557441bc4a1efcc408c07d2cad051cfa) Importer(815301076,1909f56bfc062723c751e8b465ee728b)  -> (artifact id: '62263afac0ca671f6b37c672c1e95fe3') in 0.031891 seconds 
========================================================================
Received Import Request.
  Time since last request: 1.129057 seconds.
  path: Assets/NikolayFedorov/PBR_Tiled/Textures/Roof/Roof_metall01/plane_3_3_DefaultMaterial_AlbedoTransparency.tga
  artifactKey: Guid(9a8ee21412832824a850a02fca2f754a) Importer(815301076,1909f56bfc062723c751e8b465ee728b)
Start importing Assets/NikolayFedorov/PBR_Tiled/Textures/Roof/Roof_metall01/plane_3_3_DefaultMaterial_AlbedoTransparency.tga using Guid(9a8ee21412832824a850a02fca2f754a) Importer(815301076,1909f56bfc062723c751e8b465ee728b)  -> (artifact id: 'ae779fa6fe22433ea96dafc9b47b9668') in 0.017633 seconds 
========================================================================
Received Import Request.
  Time since last request: 0.059699 seconds.
  path: Assets/Objects/Weapons/Pallet/Textures/Pallet_NORMAL.png
  artifactKey: Guid(a4b7e416cdceed047bdcb7182df8b783) Importer(815301076,1909f56bfc062723c751e8b465ee728b)
Start importing Assets/Objects/Weapons/Pallet/Textures/Pallet_NORMAL.png using Guid(a4b7e416cdceed047bdcb7182df8b783) Importer(815301076,1909f56bfc062723c751e8b465ee728b)  -> (artifact id: 'a2a980b9043630428bb2e241320cd66d') in 0.051880 seconds 
========================================================================
Received Import Request.
  Time since last request: 0.000025 seconds.
  path: Assets/Objects/Weapons/Pallet/Textures/Pallet_AO.png
  artifactKey: Guid(f5bec4823b679d74db018f1404f8f7a5) Importer(815301076,1909f56bfc062723c751e8b465ee728b)
Start importing Assets/Objects/Weapons/Pallet/Textures/Pallet_AO.png using Guid(f5bec4823b679d74db018f1404f8f7a5) Importer(815301076,1909f56bfc062723c751e8b465ee728b)  -> (artifact id: '1aa46a5b2220a7457cfce738b4477a89') in 0.020562 seconds 
========================================================================
Received Import Request.
  Time since last request: 0.000025 seconds.
  path: Assets/Objects/Weapons/Pallet/Textures/Pallet_DIFFUSE.png
  artifactKey: Guid(c96778b74fcb1dc40a20ae0dbc8bb63b) Importer(815301076,1909f56bfc062723c751e8b465ee728b)
Start importing Assets/Objects/Weapons/Pallet/Textures/Pallet_DIFFUSE.png using Guid(c96778b74fcb1dc40a20ae0dbc8bb63b) Importer(815301076,1909f56bfc062723c751e8b465ee728b)  -> (artifact id: 'c359595b9cca479a4655791b6ca4c771') in 0.020411 seconds 
========================================================================
Received Import Request.
  Time since last request: 62.234003 seconds.
  path: Assets/Objects/Weapons/Pallet/Prefabs/Pallet_02.prefab
  artifactKey: Guid(a023028c5285ccf44a3656864cbfdd86) Importer(815301076,1909f56bfc062723c751e8b465ee728b)
Start importing Assets/Objects/Weapons/Pallet/Prefabs/Pallet_02.prefab using Guid(a023028c5285ccf44a3656864cbfdd86) Importer(815301076,1909f56bfc062723c751e8b465ee728b)  -> (artifact id: 'f79f8334126e62c18c915efc4242ce22') in 0.027104 seconds 
========================================================================
Received Import Request.
  Time since last request: 0.000024 seconds.
  path: Assets/Objects/Weapons/Pallet/Prefabs/Pallet_04.prefab
  artifactKey: Guid(65081dccde2967547b60d0c4fbed5213) Importer(815301076,1909f56bfc062723c751e8b465ee728b)
Start importing Assets/Objects/Weapons/Pallet/Prefabs/Pallet_04.prefab using Guid(65081dccde2967547b60d0c4fbed5213) Importer(815301076,1909f56bfc062723c751e8b465ee728b)  -> (artifact id: 'b5b2b85a2ca214d6aee6ae0aed6f6e96') in 0.034031 seconds 
========================================================================
Received Prepare
Registering precompiled user dll's ...
Registered in 0.004639 seconds.
Begin MonoManager ReloadAssembly
Symbol file LoadedFromMemory doesn't match image C:\Users\Johannes\Documents\GitHub\SuperStruct\Library\PackageCache\com.unity.visualscripting@1.8.0\Editor\VisualScripting.Core\Dependencies\YamlDotNet\Unity.VisualScripting.YamlDotNet.dll
Symbol file LoadedFromMemory doesn't match image C:\Users\Johannes\Documents\GitHub\SuperStruct\Library\PackageCache\com.unity.visualscripting@1.8.0\Editor\VisualScripting.Core\Dependencies\DotNetZip\Unity.VisualScripting.IonicZip.dll
Native extension for WindowsStandalone target not found
Native extension for WebGL target not found
Refreshing native plugins compatible for Editor in 0.66 ms, found 3 plugins.
Preloading 0 native plugins for Editor in 0.00 ms.
Mono: successfully reloaded assembly
- Completed reload, in  1.149 seconds
Domain Reload Profiling:
	ReloadAssembly (1150ms)
		BeginReloadAssembly (180ms)
			ExecutionOrderSort (0ms)
			DisableScriptedObjects (4ms)
			BackupInstance (0ms)
			ReleaseScriptingObjects (0ms)
			CreateAndSetChildDomain (45ms)
		EndReloadAssembly (846ms)
			LoadAssemblies (126ms)
			RebuildTransferFunctionScriptingTraits (0ms)
			SetupTypeCache (320ms)
			ReleaseScriptCaches (2ms)
			RebuildScriptCaches (50ms)
			SetupLoadedEditorAssemblies (322ms)
				LogAssemblyErrors (0ms)
				InitializePlatformSupportModulesInManaged (9ms)
				SetLoadedEditorAssemblies (0ms)
				RefreshPlugins (1ms)
				BeforeProcessingInitializeOnLoad (72ms)
				ProcessInitializeOnLoadAttributes (208ms)
				ProcessInitializeOnLoadMethodAttributes (22ms)
				AfterProcessingInitializeOnLoad (10ms)
				EditorAssembliesLoaded (0ms)
			ExecutionOrderSort2 (0ms)
			AwakeInstancesAfterBackupRestoration (7ms)
Platform modules already initialized, skipping
Refreshing native plugins compatible for Editor in 2.45 ms, found 3 plugins.
Preloading 0 native plugins for Editor in 0.00 ms.
Unloading 3061 Unused Serialized files (Serialized files now loaded: 0)
Unloading 15 unused Assets / (24.6 KB). Loaded Objects now: 3585.
Memory consumption went from 113.6 MB to 113.6 MB.
Total: 3.844800 ms (FindLiveObjects: 0.361100 ms CreateObjectMapping: 0.145700 ms MarkObjects: 3.273200 ms  DeleteObjects: 0.062700 ms)

AssetImportParameters requested are different than current active one (requested -> active):
  custom:video-decoder-ogg-theora: a1e56fd34408186e4bbccfd4996cb3dc -> 
  custom:container-muxer-webm: aa71ff27fc2769a1b78a27578f13a17b -> 
  custom:container-demuxer-webm: 4f35f7cbe854078d1ac9338744f61a02 -> 
  custom:video-encoder-webm-vp8: eb34c28f22e8b96e1ab97ce403110664 -> 
  custom:audio-encoder-webm-vorbis: bf7c407c2cedff20999df2af8eb42d56 -> 
  custom:framework-win-MediaFoundation: 216162199b28c13a410421893ffa2e32 -> 
  custom:container-demuxer-ogg: 62fdf1f143b41e24485cea50d1cbac27 -> 
  custom:video-decoder-webm-vp8: 9c59270c3fd7afecdb556c50c9e8de78 -> 
  custom:audio-decoder-ogg-vorbis: bf7c407c2cedff20999df2af8eb42d56 -> 
Editor requested this worker to shutdown with reason: Scaling down because of idle timeout
AssetImportWorker is now disconnected from the server
Process exiting
Exiting without the bug reporter. Application will terminate with return code 0