Using pre-set license
Built from '2021.3/staging' branch; Version is '2021.3.21f1 (1b156197d683) revision 1774945'; Using compiler version '192829333'; Build Type 'Release'
OS: 'Windows 10  (10.0.19044) 64bit Professional' Language: 'de' Physical Memory: 15789 MB
BatchMode: 1, IsHumanControllingUs: 0, StartBugReporterOnCrash: 0, Is64bit: 1, IsPro: 1

COMMAND LINE ARGUMENTS:
C:\Program Files\Unity\Hub\Editor\2021.3.21f1\Editor\Unity.exe
-adb2
-batchMode
-noUpm
-name
AssetImportWorker5
-projectPath
C:/Users/Johannes/Documents/GitHub/SuperStruct
-logFile
Logs/AssetImportWorker5.log
-srvPort
61553
Successfully changed project path to: C:/Users/Johannes/Documents/GitHub/SuperStruct
C:/Users/Johannes/Documents/GitHub/SuperStruct
[UnityMemory] Configuration Parameters - Can be set up in boot.config
    "memorysetup-bucket-allocator-granularity=16"
    "memorysetup-bucket-allocator-bucket-count=8"
    "memorysetup-bucket-allocator-block-size=33554432"
    "memorysetup-bucket-allocator-block-count=8"
    "memorysetup-main-allocator-block-size=16777216"
    "memorysetup-thread-allocator-block-size=16777216"
    "memorysetup-gfx-main-allocator-block-size=16777216"
    "memorysetup-gfx-thread-allocator-block-size=16777216"
    "memorysetup-cache-allocator-block-size=4194304"
    "memorysetup-typetree-allocator-block-size=2097152"
    "memorysetup-profiler-bucket-allocator-granularity=16"
    "memorysetup-profiler-bucket-allocator-bucket-count=8"
    "memorysetup-profiler-bucket-allocator-block-size=33554432"
    "memorysetup-profiler-bucket-allocator-block-count=8"
    "memorysetup-profiler-allocator-block-size=16777216"
    "memorysetup-profiler-editor-allocator-block-size=1048576"
    "memorysetup-temp-allocator-size-main=16777216"
    "memorysetup-job-temp-allocator-block-size=2097152"
    "memorysetup-job-temp-allocator-block-size-background=1048576"
    "memorysetup-job-temp-allocator-reduction-small-platforms=262144"
    "memorysetup-temp-allocator-size-background-worker=32768"
    "memorysetup-temp-allocator-size-job-worker=262144"
    "memorysetup-temp-allocator-size-preload-manager=33554432"
    "memorysetup-temp-allocator-size-nav-mesh-worker=65536"
    "memorysetup-temp-allocator-size-audio-worker=65536"
    "memorysetup-temp-allocator-size-cloud-worker=32768"
    "memorysetup-temp-allocator-size-gi-baking-worker=262144"
    "memorysetup-temp-allocator-size-gfx=262144"
Player connection [16892] Host "[IP] 10.0.0.25 [Port] 0 [Flags] 2 [Guid] 217014858 [EditorId] 217014858 [Version] 1048832 [Id] WindowsEditor(7,DESKTOP-3ELO38M) [Debug] 1 [PackageName] WindowsEditor [ProjectName] Editor" joined multi-casting on [225.0.0.222:54997]...

Player connection [16892] Host "[IP] 10.0.0.25 [Port] 0 [Flags] 2 [Guid] 217014858 [EditorId] 217014858 [Version] 1048832 [Id] WindowsEditor(7,DESKTOP-3ELO38M) [Debug] 1 [PackageName] WindowsEditor [ProjectName] Editor" joined alternative multi-casting on [225.0.0.222:34997]...

Refreshing native plugins compatible for Editor in 73.47 ms, found 3 plugins.
Preloading 0 native plugins for Editor in 0.00 ms.
Initialize engine version: 2021.3.21f1 (1b156197d683)
[Subsystems] Discovering subsystems at path C:/Program Files/Unity/Hub/Editor/2021.3.21f1/Editor/Data/Resources/UnitySubsystems
[Subsystems] Discovering subsystems at path C:/Users/Johannes/Documents/GitHub/SuperStruct/Assets
GfxDevice: creating device client; threaded=0; jobified=0
Direct3D:
    Version:  Direct3D 11.0 [level 11.1]
    Renderer: NVIDIA GeForce RTX 2060 (ID=0x1f15)
    Vendor:   NVIDIA
    VRAM:     5968 MB
    Driver:   31.0.15.3168
Initialize mono
Mono path[0] = 'C:/Program Files/Unity/Hub/Editor/2021.3.21f1/Editor/Data/Managed'
Mono path[1] = 'C:/Program Files/Unity/Hub/Editor/2021.3.21f1/Editor/Data/MonoBleedingEdge/lib/mono/unityjit-win32'
Mono config path = 'C:/Program Files/Unity/Hub/Editor/2021.3.21f1/Editor/Data/MonoBleedingEdge/etc'
Using monoOptions --debugger-agent=transport=dt_socket,embedding=1,server=y,suspend=n,address=127.0.0.1:56952
Begin MonoManager ReloadAssembly
Registering precompiled unity dll's ...
Register platform support module: C:/Program Files/Unity/Hub/Editor/2021.3.21f1/Editor/Data/PlaybackEngines/WebGLSupport/UnityEditor.WebGL.Extensions.dll
Register platform support module: C:/Program Files/Unity/Hub/Editor/2021.3.21f1/Editor/Data/PlaybackEngines/WindowsStandaloneSupport/UnityEditor.WindowsStandalone.Extensions.dll
Registered in 0.007421 seconds.
Native extension for WindowsStandalone target not found
Native extension for WebGL target not found
Refreshing native plugins compatible for Editor in 65.63 ms, found 3 plugins.
Preloading 0 native plugins for Editor in 0.00 ms.
Mono: successfully reloaded assembly
- Completed reload, in  0.681 seconds
Domain Reload Profiling:
	ReloadAssembly (682ms)
		BeginReloadAssembly (108ms)
			ExecutionOrderSort (0ms)
			DisableScriptedObjects (0ms)
			BackupInstance (0ms)
			ReleaseScriptingObjects (0ms)
			CreateAndSetChildDomain (1ms)
		EndReloadAssembly (470ms)
			LoadAssemblies (107ms)
			RebuildTransferFunctionScriptingTraits (0ms)
			SetupTypeCache (118ms)
			ReleaseScriptCaches (0ms)
			RebuildScriptCaches (30ms)
			SetupLoadedEditorAssemblies (267ms)
				LogAssemblyErrors (0ms)
				InitializePlatformSupportModulesInManaged (10ms)
				SetLoadedEditorAssemblies (0ms)
				RefreshPlugins (66ms)
				BeforeProcessingInitializeOnLoad (1ms)
				ProcessInitializeOnLoadAttributes (138ms)
				ProcessInitializeOnLoadMethodAttributes (52ms)
				AfterProcessingInitializeOnLoad (0ms)
				EditorAssembliesLoaded (0ms)
			ExecutionOrderSort2 (0ms)
			AwakeInstancesAfterBackupRestoration (0ms)
Platform modules already initialized, skipping
Registering precompiled user dll's ...
Registered in 0.004993 seconds.
Begin MonoManager ReloadAssembly
Symbol file LoadedFromMemory doesn't match image C:\Users\Johannes\Documents\GitHub\SuperStruct\Library\PackageCache\com.unity.visualscripting@1.8.0\Editor\VisualScripting.Core\Dependencies\YamlDotNet\Unity.VisualScripting.YamlDotNet.dll
Symbol file LoadedFromMemory doesn't match image C:\Users\Johannes\Documents\GitHub\SuperStruct\Library\PackageCache\com.unity.visualscripting@1.8.0\Editor\VisualScripting.Core\Dependencies\DotNetZip\Unity.VisualScripting.IonicZip.dll
Native extension for WindowsStandalone target not found
Native extension for WebGL target not found
Refreshing native plugins compatible for Editor in 0.58 ms, found 3 plugins.
Preloading 0 native plugins for Editor in 0.00 ms.
Mono: successfully reloaded assembly
- Completed reload, in  1.025 seconds
Domain Reload Profiling:
	ReloadAssembly (1026ms)
		BeginReloadAssembly (128ms)
			ExecutionOrderSort (0ms)
			DisableScriptedObjects (5ms)
			BackupInstance (0ms)
			ReleaseScriptingObjects (0ms)
			CreateAndSetChildDomain (22ms)
		EndReloadAssembly (781ms)
			LoadAssemblies (100ms)
			RebuildTransferFunctionScriptingTraits (0ms)
			SetupTypeCache (269ms)
			ReleaseScriptCaches (1ms)
			RebuildScriptCaches (53ms)
			SetupLoadedEditorAssemblies (338ms)
				LogAssemblyErrors (0ms)
				InitializePlatformSupportModulesInManaged (8ms)
				SetLoadedEditorAssemblies (0ms)
				RefreshPlugins (1ms)
				BeforeProcessingInitializeOnLoad (78ms)
				ProcessInitializeOnLoadAttributes (224ms)
				ProcessInitializeOnLoadMethodAttributes (20ms)
				AfterProcessingInitializeOnLoad (8ms)
				EditorAssembliesLoaded (0ms)
			ExecutionOrderSort2 (0ms)
			AwakeInstancesAfterBackupRestoration (6ms)
Platform modules already initialized, skipping
========================================================================
Worker process is ready to serve import requests
Launched and connected shader compiler UnityShaderCompiler.exe after 0.08 seconds
Refreshing native plugins compatible for Editor in 1.26 ms, found 3 plugins.
Preloading 0 native plugins for Editor in 0.00 ms.
Unloading 3068 Unused Serialized files (Serialized files now loaded: 0)
Unloading 22 unused Assets / (56.1 KB). Loaded Objects now: 3534.
Memory consumption went from 109.1 MB to 109.0 MB.
Total: 3.446800 ms (FindLiveObjects: 0.439700 ms CreateObjectMapping: 0.230000 ms MarkObjects: 2.695400 ms  DeleteObjects: 0.080700 ms)

AssetImportParameters requested are different than current active one (requested -> active):
  custom:video-decoder-ogg-theora: a1e56fd34408186e4bbccfd4996cb3dc -> 
  custom:container-muxer-webm: aa71ff27fc2769a1b78a27578f13a17b -> 
  custom:container-demuxer-webm: 4f35f7cbe854078d1ac9338744f61a02 -> 
  custom:video-encoder-webm-vp8: eb34c28f22e8b96e1ab97ce403110664 -> 
  custom:audio-encoder-webm-vorbis: bf7c407c2cedff20999df2af8eb42d56 -> 
  custom:framework-win-MediaFoundation: 216162199b28c13a410421893ffa2e32 -> 
  custom:container-demuxer-ogg: 62fdf1f143b41e24485cea50d1cbac27 -> 
  custom:video-decoder-webm-vp8: 9c59270c3fd7afecdb556c50c9e8de78 -> 
  custom:audio-decoder-ogg-vorbis: bf7c407c2cedff20999df2af8eb42d56 -> 
========================================================================
Received Import Request.
  Time since last request: 3010.631635 seconds.
  path: Assets/Objects/Weapons/Pallet/Prefabs/Pallet_03.prefab
  artifactKey: Guid(c9f80e82a7a008743b937db2a5e8a98e) Importer(815301076,1909f56bfc062723c751e8b465ee728b)
Start importing Assets/Objects/Weapons/Pallet/Prefabs/Pallet_03.prefab using Guid(c9f80e82a7a008743b937db2a5e8a98e) Importer(815301076,1909f56bfc062723c751e8b465ee728b)  -> (artifact id: 'b66752af9b3219dccd074c1bc5b81c5a') in 0.211703 seconds 
========================================================================
Received Prepare
Registering precompiled user dll's ...
Registered in 0.005781 seconds.
Begin MonoManager ReloadAssembly
Symbol file LoadedFromMemory doesn't match image C:\Users\Johannes\Documents\GitHub\SuperStruct\Library\PackageCache\com.unity.visualscripting@1.8.0\Editor\VisualScripting.Core\Dependencies\YamlDotNet\Unity.VisualScripting.YamlDotNet.dll
Symbol file LoadedFromMemory doesn't match image C:\Users\Johannes\Documents\GitHub\SuperStruct\Library\PackageCache\com.unity.visualscripting@1.8.0\Editor\VisualScripting.Core\Dependencies\DotNetZip\Unity.VisualScripting.IonicZip.dll
Native extension for WindowsStandalone target not found
Native extension for WebGL target not found
Refreshing native plugins compatible for Editor in 0.61 ms, found 3 plugins.
Preloading 0 native plugins for Editor in 0.00 ms.
Mono: successfully reloaded assembly
- Completed reload, in  1.163 seconds
Domain Reload Profiling:
	ReloadAssembly (1164ms)
		BeginReloadAssembly (183ms)
			ExecutionOrderSort (0ms)
			DisableScriptedObjects (4ms)
			BackupInstance (0ms)
			ReleaseScriptingObjects (0ms)
			CreateAndSetChildDomain (45ms)
		EndReloadAssembly (859ms)
			LoadAssemblies (125ms)
			RebuildTransferFunctionScriptingTraits (0ms)
			SetupTypeCache (320ms)
			ReleaseScriptCaches (2ms)
			RebuildScriptCaches (51ms)
			SetupLoadedEditorAssemblies (334ms)
				LogAssemblyErrors (0ms)
				InitializePlatformSupportModulesInManaged (9ms)
				SetLoadedEditorAssemblies (1ms)
				RefreshPlugins (1ms)
				BeforeProcessingInitializeOnLoad (72ms)
				ProcessInitializeOnLoadAttributes (220ms)
				ProcessInitializeOnLoadMethodAttributes (23ms)
				AfterProcessingInitializeOnLoad (9ms)
				EditorAssembliesLoaded (0ms)
			ExecutionOrderSort2 (0ms)
			AwakeInstancesAfterBackupRestoration (7ms)
Platform modules already initialized, skipping
Refreshing native plugins compatible for Editor in 2.73 ms, found 3 plugins.
Preloading 0 native plugins for Editor in 0.00 ms.
Unloading 3061 Unused Serialized files (Serialized files now loaded: 0)
Unloading 15 unused Assets / (24.5 KB). Loaded Objects now: 3545.
Memory consumption went from 113.2 MB to 113.1 MB.
Total: 3.791800 ms (FindLiveObjects: 0.520500 ms CreateObjectMapping: 0.199000 ms MarkObjects: 3.027700 ms  DeleteObjects: 0.042500 ms)

AssetImportParameters requested are different than current active one (requested -> active):
  custom:video-decoder-ogg-theora: a1e56fd34408186e4bbccfd4996cb3dc -> 
  custom:container-muxer-webm: aa71ff27fc2769a1b78a27578f13a17b -> 
  custom:container-demuxer-webm: 4f35f7cbe854078d1ac9338744f61a02 -> 
  custom:video-encoder-webm-vp8: eb34c28f22e8b96e1ab97ce403110664 -> 
  custom:audio-encoder-webm-vorbis: bf7c407c2cedff20999df2af8eb42d56 -> 
  custom:framework-win-MediaFoundation: 216162199b28c13a410421893ffa2e32 -> 
  custom:container-demuxer-ogg: 62fdf1f143b41e24485cea50d1cbac27 -> 
  custom:video-decoder-webm-vp8: 9c59270c3fd7afecdb556c50c9e8de78 -> 
  custom:audio-decoder-ogg-vorbis: bf7c407c2cedff20999df2af8eb42d56 -> 
========================================================================
Received Import Request.
  Time since last request: 113.638933 seconds.
  path: Assets/Characters/SKIN 1.fbx
  artifactKey: Guid(34a15fe36f4e29c459e0625b8773870d) Importer(815301076,1909f56bfc062723c751e8b465ee728b)
Start importing Assets/Characters/SKIN 1.fbx using Guid(34a15fe36f4e29c459e0625b8773870d) Importer(815301076,1909f56bfc062723c751e8b465ee728b)  -> (artifact id: '7bc5a2dd9d1429c15da8be5161fe3cc9') in 0.207552 seconds 
========================================================================
Received Import Request.
  Time since last request: 1512.029318 seconds.
  path: Assets/Items/Wood Set Pieces/Prefabs/BasicMeshes/Planks/woodPlank_v001b.prefab
  artifactKey: Guid(baa6bbb847eb9b648a85830505def737) Importer(815301076,1909f56bfc062723c751e8b465ee728b)
Start importing Assets/Items/Wood Set Pieces/Prefabs/BasicMeshes/Planks/woodPlank_v001b.prefab using Guid(baa6bbb847eb9b648a85830505def737) Importer(815301076,1909f56bfc062723c751e8b465ee728b)  -> (artifact id: '9d257402104e79824754c3f1b0180751') in 0.293409 seconds 
========================================================================
Received Import Request.
  Time since last request: 0.000038 seconds.
  path: Assets/Items/Wood Set Pieces/Prefabs/BasicMeshes/Planks/woodPlank_v002d.prefab
  artifactKey: Guid(7cda0b5f19867354f9de97dc093632b2) Importer(815301076,1909f56bfc062723c751e8b465ee728b)
Start importing Assets/Items/Wood Set Pieces/Prefabs/BasicMeshes/Planks/woodPlank_v002d.prefab using Guid(7cda0b5f19867354f9de97dc093632b2) Importer(815301076,1909f56bfc062723c751e8b465ee728b)  -> (artifact id: '84b24c65e3024a0b0da433971efd04a4') in 0.030681 seconds 
========================================================================
Received Import Request.
  Time since last request: 0.000037 seconds.
  path: Assets/Items/Wood Set Pieces/Prefabs/BasicMeshes/Planks/woodPlank_v003d.prefab
  artifactKey: Guid(d1d30d7045081d642b4846b673eaa808) Importer(815301076,1909f56bfc062723c751e8b465ee728b)
Start importing Assets/Items/Wood Set Pieces/Prefabs/BasicMeshes/Planks/woodPlank_v003d.prefab using Guid(d1d30d7045081d642b4846b673eaa808) Importer(815301076,1909f56bfc062723c751e8b465ee728b)  -> (artifact id: '9ce97d710d981922636d3451c699e4c8') in 0.023406 seconds 
========================================================================
Received Import Request.
  Time since last request: 0.000027 seconds.
  path: Assets/Items/Wood Set Pieces/Prefabs/BasicMeshes/Planks/woodPlank_v004b.prefab
  artifactKey: Guid(501efecb6de76394e80827d542e42b13) Importer(815301076,1909f56bfc062723c751e8b465ee728b)
Start importing Assets/Items/Wood Set Pieces/Prefabs/BasicMeshes/Planks/woodPlank_v004b.prefab using Guid(501efecb6de76394e80827d542e42b13) Importer(815301076,1909f56bfc062723c751e8b465ee728b)  -> (artifact id: 'a90c4d26c1c4e0fd08cd3e6924acc330') in 0.021289 seconds 
========================================================================
Received Import Request.
  Time since last request: 0.000039 seconds.
  path: Assets/Items/Wood Set Pieces/Prefabs/BasicMeshes/Planks/woodPlank_v002c.prefab
  artifactKey: Guid(090dbe41f3a654d419d9ffa52ed458a3) Importer(815301076,1909f56bfc062723c751e8b465ee728b)
Start importing Assets/Items/Wood Set Pieces/Prefabs/BasicMeshes/Planks/woodPlank_v002c.prefab using Guid(090dbe41f3a654d419d9ffa52ed458a3) Importer(815301076,1909f56bfc062723c751e8b465ee728b)  -> (artifact id: '78445e9b38ff66992f8b5453b650229a') in 0.023388 seconds 
========================================================================
Received Import Request.
  Time since last request: 0.000067 seconds.
  path: Assets/Items/Wood Set Pieces/Prefabs/BasicMeshes/Planks/woodPlank_v003f.prefab
  artifactKey: Guid(78ddf7e69a794aa4a85148069c8644bb) Importer(815301076,1909f56bfc062723c751e8b465ee728b)
Start importing Assets/Items/Wood Set Pieces/Prefabs/BasicMeshes/Planks/woodPlank_v003f.prefab using Guid(78ddf7e69a794aa4a85148069c8644bb) Importer(815301076,1909f56bfc062723c751e8b465ee728b)  -> (artifact id: '6c5cee52596effb7ce00c553f049f3b2') in 0.024734 seconds 
========================================================================
Received Import Request.
  Time since last request: 0.000030 seconds.
  path: Assets/Items/Wood Set Pieces/Prefabs/BasicMeshes/Planks/woodPlank_v003e.prefab
  artifactKey: Guid(a681220e01759754892a0afc25d4ddb4) Importer(815301076,1909f56bfc062723c751e8b465ee728b)
Start importing Assets/Items/Wood Set Pieces/Prefabs/BasicMeshes/Planks/woodPlank_v003e.prefab using Guid(a681220e01759754892a0afc25d4ddb4) Importer(815301076,1909f56bfc062723c751e8b465ee728b)  -> (artifact id: 'af316a56843caedb782d3431c9c3ba6d') in 0.027307 seconds 
========================================================================
Received Import Request.
  Time since last request: 0.000030 seconds.
  path: Assets/Items/Wood Set Pieces/Prefabs/BasicMeshes/Planks/woodPlank_v003a.prefab
  artifactKey: Guid(752eb0a3300333f4b895383a9077efc4) Importer(815301076,1909f56bfc062723c751e8b465ee728b)
Start importing Assets/Items/Wood Set Pieces/Prefabs/BasicMeshes/Planks/woodPlank_v003a.prefab using Guid(752eb0a3300333f4b895383a9077efc4) Importer(815301076,1909f56bfc062723c751e8b465ee728b)  -> (artifact id: '50c1301f8c653ff7cd5649dd02f2b5c6') in 0.033024 seconds 
========================================================================
Received Import Request.
  Time since last request: 0.000026 seconds.
  path: Assets/Items/Wood Set Pieces/Prefabs/BasicMeshes/Planks/woodPlank_v002a.prefab
  artifactKey: Guid(b1ed991fae864764584d0d8bd4dd602a) Importer(815301076,1909f56bfc062723c751e8b465ee728b)
Start importing Assets/Items/Wood Set Pieces/Prefabs/BasicMeshes/Planks/woodPlank_v002a.prefab using Guid(b1ed991fae864764584d0d8bd4dd602a) Importer(815301076,1909f56bfc062723c751e8b465ee728b)  -> (artifact id: '62bb9bab0babf8155103d0eaf9bf2fee') in 0.023872 seconds 
========================================================================
Received Import Request.
  Time since last request: 0.000040 seconds.
  path: Assets/Items/Wood Set Pieces/Prefabs/BasicMeshes/Planks/woodPlank_v002b.prefab
  artifactKey: Guid(59488c582bc0f4e40ab40d67982a388a) Importer(815301076,1909f56bfc062723c751e8b465ee728b)
Start importing Assets/Items/Wood Set Pieces/Prefabs/BasicMeshes/Planks/woodPlank_v002b.prefab using Guid(59488c582bc0f4e40ab40d67982a388a) Importer(815301076,1909f56bfc062723c751e8b465ee728b)  -> (artifact id: 'fc8da9435506735a31e1512f34871b89') in 0.025900 seconds 
========================================================================
Received Import Request.
  Time since last request: 0.000036 seconds.
  path: Assets/Items/Wood Set Pieces/Prefabs/BasicMeshes/Planks/woodPlank_v005c.prefab
  artifactKey: Guid(5068087b4126be94da2a3e1188b774ff) Importer(815301076,1909f56bfc062723c751e8b465ee728b)
Start importing Assets/Items/Wood Set Pieces/Prefabs/BasicMeshes/Planks/woodPlank_v005c.prefab using Guid(5068087b4126be94da2a3e1188b774ff) Importer(815301076,1909f56bfc062723c751e8b465ee728b)  -> (artifact id: '63b0c5ce4abd9f153b477fc16f04f009') in 0.023873 seconds 
========================================================================
Received Import Request.
  Time since last request: 0.000021 seconds.
  path: Assets/Items/Wood Set Pieces/Prefabs/BasicMeshes/Planks/woodPlank_v001d.prefab
  artifactKey: Guid(8c30e11a6ef23714fbb954cc7c35bf1a) Importer(815301076,1909f56bfc062723c751e8b465ee728b)
Start importing Assets/Items/Wood Set Pieces/Prefabs/BasicMeshes/Planks/woodPlank_v001d.prefab using Guid(8c30e11a6ef23714fbb954cc7c35bf1a) Importer(815301076,1909f56bfc062723c751e8b465ee728b)  -> (artifact id: '9cf9d8ba997116e81b30303b009562ed') in 0.021157 seconds 
========================================================================
Received Import Request.
  Time since last request: 0.000029 seconds.
  path: Assets/Items/Wood Set Pieces/Prefabs/BasicMeshes/Planks/woodPlank_v001c.prefab
  artifactKey: Guid(9c9ffac07d57e5943adb2d0beba296d8) Importer(815301076,1909f56bfc062723c751e8b465ee728b)
Start importing Assets/Items/Wood Set Pieces/Prefabs/BasicMeshes/Planks/woodPlank_v001c.prefab using Guid(9c9ffac07d57e5943adb2d0beba296d8) Importer(815301076,1909f56bfc062723c751e8b465ee728b)  -> (artifact id: 'f1397c8280db38549137bf8a9480c086') in 0.021260 seconds 
========================================================================
Received Import Request.
  Time since last request: 0.000034 seconds.
  path: Assets/Items/Wood Set Pieces/Prefabs/BasicMeshes/Planks/woodPlank_v005f.prefab
  artifactKey: Guid(fd90bd2775e24c24f83769666f407074) Importer(815301076,1909f56bfc062723c751e8b465ee728b)
Start importing Assets/Items/Wood Set Pieces/Prefabs/BasicMeshes/Planks/woodPlank_v005f.prefab using Guid(fd90bd2775e24c24f83769666f407074) Importer(815301076,1909f56bfc062723c751e8b465ee728b)  -> (artifact id: '79bfdebf436ad236c1e8dce60fa77ae4') in 0.027810 seconds 
========================================================================
Received Import Request.
  Time since last request: 0.000041 seconds.
  path: Assets/Items/Wood Set Pieces/Prefabs/BasicMeshes/Planks/woodPlank_v002f.prefab
  artifactKey: Guid(7d038f3c7152b5543b152b4c38a0cfe2) Importer(815301076,1909f56bfc062723c751e8b465ee728b)
Start importing Assets/Items/Wood Set Pieces/Prefabs/BasicMeshes/Planks/woodPlank_v002f.prefab using Guid(7d038f3c7152b5543b152b4c38a0cfe2) Importer(815301076,1909f56bfc062723c751e8b465ee728b)  -> (artifact id: '8ecd525e47fdf296ce6034668ac60ed4') in 0.035631 seconds 
========================================================================
Received Import Request.
  Time since last request: 0.000041 seconds.
  path: Assets/Items/Wood Set Pieces/Prefabs/BasicMeshes/Planks/woodPlank_v004f.prefab
  artifactKey: Guid(04c833ff865b1c34cbb6b172383ca971) Importer(815301076,1909f56bfc062723c751e8b465ee728b)
Start importing Assets/Items/Wood Set Pieces/Prefabs/BasicMeshes/Planks/woodPlank_v004f.prefab using Guid(04c833ff865b1c34cbb6b172383ca971) Importer(815301076,1909f56bfc062723c751e8b465ee728b)  -> (artifact id: '15884edfbe736487b22b500d42a880bb') in 0.030423 seconds 
========================================================================
Received Import Request.
  Time since last request: 0.000025 seconds.
  path: Assets/Items/Wood Set Pieces/Prefabs/BasicMeshes/Planks/woodPlank_v005e.prefab
  artifactKey: Guid(eaaddb5b1aba5d7449e369eb6cf2afd5) Importer(815301076,1909f56bfc062723c751e8b465ee728b)
Start importing Assets/Items/Wood Set Pieces/Prefabs/BasicMeshes/Planks/woodPlank_v005e.prefab using Guid(eaaddb5b1aba5d7449e369eb6cf2afd5) Importer(815301076,1909f56bfc062723c751e8b465ee728b)  -> (artifact id: '8a25d3216a140e3a0cfcd600885456c8') in 0.023686 seconds 
========================================================================
Received Import Request.
  Time since last request: 0.000051 seconds.
  path: Assets/Items/Wood Set Pieces/Prefabs/BasicMeshes/Planks/woodPlank_v001g.prefab
  artifactKey: Guid(a1713d662404ce14280ac2e12fe58d2e) Importer(815301076,1909f56bfc062723c751e8b465ee728b)
Start importing Assets/Items/Wood Set Pieces/Prefabs/BasicMeshes/Planks/woodPlank_v001g.prefab using Guid(a1713d662404ce14280ac2e12fe58d2e) Importer(815301076,1909f56bfc062723c751e8b465ee728b)  -> (artifact id: 'e71792d4356092d3e9951b7fca36695e') in 0.027533 seconds 
========================================================================
Received Import Request.
  Time since last request: 0.000088 seconds.
  path: Assets/Items/Wood Set Pieces/Prefabs/BasicMeshes/Planks/woodPlank_v002g.prefab
  artifactKey: Guid(8ad2e16694503164aa6429af5b641517) Importer(815301076,1909f56bfc062723c751e8b465ee728b)
Start importing Assets/Items/Wood Set Pieces/Prefabs/BasicMeshes/Planks/woodPlank_v002g.prefab using Guid(8ad2e16694503164aa6429af5b641517) Importer(815301076,1909f56bfc062723c751e8b465ee728b)  -> (artifact id: 'bb681e9a780ebacea2460334096f72fb') in 0.031788 seconds 
========================================================================
Received Import Request.
  Time since last request: 0.000022 seconds.
  path: Assets/Items/Wood Set Pieces/Prefabs/BasicMeshes/Planks/woodPlank_v006e.prefab
  artifactKey: Guid(ef3af5b2d2143a647b1d5d7d1e4d0998) Importer(815301076,1909f56bfc062723c751e8b465ee728b)
Start importing Assets/Items/Wood Set Pieces/Prefabs/BasicMeshes/Planks/woodPlank_v006e.prefab using Guid(ef3af5b2d2143a647b1d5d7d1e4d0998) Importer(815301076,1909f56bfc062723c751e8b465ee728b)  -> (artifact id: 'aaadd55a0371f1ff1a0ab8e9c7f2f70c') in 0.024626 seconds 
========================================================================
Received Import Request.
  Time since last request: 2.516494 seconds.
  path: Assets/Items/Wood Set Pieces/Prefabs/BasicMeshes/Planks/woodPlank_v006g.prefab
  artifactKey: Guid(d374be5a030e45243909cd9ef82081aa) Importer(815301076,1909f56bfc062723c751e8b465ee728b)
Start importing Assets/Items/Wood Set Pieces/Prefabs/BasicMeshes/Planks/woodPlank_v006g.prefab using Guid(d374be5a030e45243909cd9ef82081aa) Importer(815301076,1909f56bfc062723c751e8b465ee728b)  -> (artifact id: '998ecd65b927dd961c07fde15802da5a') in 0.026983 seconds 
========================================================================
Received Import Request.
  Time since last request: 0.000038 seconds.
  path: Assets/Items/Wood Set Pieces/Prefabs/BasicMeshes/Planks/woodPlank_v007e.prefab
  artifactKey: Guid(933ad1139b8d06a4cbaff4465b44482b) Importer(815301076,1909f56bfc062723c751e8b465ee728b)
Start importing Assets/Items/Wood Set Pieces/Prefabs/BasicMeshes/Planks/woodPlank_v007e.prefab using Guid(933ad1139b8d06a4cbaff4465b44482b) Importer(815301076,1909f56bfc062723c751e8b465ee728b)  -> (artifact id: '547c3241f52fe20a8980749f02da01bf') in 0.030452 seconds 
========================================================================
Received Import Request.
  Time since last request: 0.000029 seconds.
  path: Assets/Items/Wood Set Pieces/Prefabs/BasicMeshes/Planks/woodPlank_v007b.prefab
  artifactKey: Guid(291399f5efc62074083c24c4c76b47f3) Importer(815301076,1909f56bfc062723c751e8b465ee728b)
Start importing Assets/Items/Wood Set Pieces/Prefabs/BasicMeshes/Planks/woodPlank_v007b.prefab using Guid(291399f5efc62074083c24c4c76b47f3) Importer(815301076,1909f56bfc062723c751e8b465ee728b)  -> (artifact id: '7dfe4a686f69a26bff4d48ee0afafe66') in 0.020506 seconds 
========================================================================
Received Import Request.
  Time since last request: 0.000046 seconds.
  path: Assets/Items/Wood Set Pieces/Prefabs/BasicMeshes/Planks/woodPlank_v007d.prefab
  artifactKey: Guid(dc2c4b297fb1c8f4398ac4240ea95914) Importer(815301076,1909f56bfc062723c751e8b465ee728b)
Start importing Assets/Items/Wood Set Pieces/Prefabs/BasicMeshes/Planks/woodPlank_v007d.prefab using Guid(dc2c4b297fb1c8f4398ac4240ea95914) Importer(815301076,1909f56bfc062723c751e8b465ee728b)  -> (artifact id: '22e774c3a15dc383f681183636d72ae4') in 0.025752 seconds 
========================================================================
Received Import Request.
  Time since last request: 0.000034 seconds.
  path: Assets/Items/Wood Set Pieces/Prefabs/BasicMeshes/Planks/woodPlank_v008d.prefab
  artifactKey: Guid(42765a02d3f00a448bec3f1a775806e8) Importer(815301076,1909f56bfc062723c751e8b465ee728b)
Start importing Assets/Items/Wood Set Pieces/Prefabs/BasicMeshes/Planks/woodPlank_v008d.prefab using Guid(42765a02d3f00a448bec3f1a775806e8) Importer(815301076,1909f56bfc062723c751e8b465ee728b)  -> (artifact id: '4351b207e551d2b63702a5df72b52d65') in 0.025767 seconds 
========================================================================
Received Import Request.
  Time since last request: 0.000034 seconds.
  path: Assets/Items/Wood Set Pieces/Prefabs/BasicMeshes/Planks/woodPlank_v008b.prefab
  artifactKey: Guid(bd84ad7bb6ad52d4c91f326d2e129bd7) Importer(815301076,1909f56bfc062723c751e8b465ee728b)
Start importing Assets/Items/Wood Set Pieces/Prefabs/BasicMeshes/Planks/woodPlank_v008b.prefab using Guid(bd84ad7bb6ad52d4c91f326d2e129bd7) Importer(815301076,1909f56bfc062723c751e8b465ee728b)  -> (artifact id: '2d12d1c8071ced05218678d94d2851b2') in 0.026938 seconds 
Editor requested this worker to shutdown with reason: Scaling down because of idle timeout
AssetImportWorker is now disconnected from the server
Process exiting
Exiting without the bug reporter. Application will terminate with return code 0